Build started 4/24/2013 7:09:16 PM.
     1>Project "C:\Users\jgeljgelkll\Documents\Visual Studio 2010\Projects\x64injector\x64injector\x64injector.vcxproj" on node 2 (build target(s)).
     1>InitializeBuildStatus:
         Creating "Debug\x64injector.unsuccessfulbuild" because "AlwaysCreate" was specified.
       ClCompile:
         d:\VS\VC\bin\CL.exe /c /ZI /nologo /W3 /WX- /Od /Oy- /D WIN32 /D _DEBUG /D _CONSOLE /D _UNICODE /D UNICODE /Gm /EHsc /RTC1 /MDd /GS /fp:precise /Zc:wchar_t /Zc:forScope /Fo"Debug\\" /Fd"Debug\vc100.pdb" /Gd /TP /analyze- /errorReport:prompt stdafx.cpp x64injector.cpp
         x64injector.cpp
         Generating Code...
         Compiling...
         stdafx.cpp
         Generating Code...
       ManifestResourceCompile:
         C:\Program Files (x86)\Microsoft SDKs\Windows\v7.0A\bin\rc.exe /nologo /fo"Debug\x64injector.exe.embed.manifest.res" Debug\x64injector_manifest.rc 
       Link:
         d:\VS\VC\bin\link.exe /ERRORREPORT:PROMPT /OUT:"C:\Users\jgeljgelkll\Documents\Visual Studio 2010\Projects\x64injector\Debug\x64injector.exe" /INCREMENTAL /NOLOGO kernel32.lib user32.lib gdi32.lib winspool.lib comdlg32.lib advapi32.lib shell32.lib ole32.lib oleaut32.lib uuid.lib odbc32.lib odbccp32.lib /MANIFEST /ManifestFile:"Debug\x64injector.exe.intermediate.manifest" /MANIFESTUAC:"level='asInvoker' uiAccess='false'" /DEBUG /PDB:"C:\Users\jgeljgelkll\Documents\Visual Studio 2010\Projects\x64injector\Debug\x64injector.pdb" /SUBSYSTEM:WINDOWS /TLBID:1 /DYNAMICBASE /NXCOMPAT /IMPLIB:"C:\Users\jgeljgelkll\Documents\Visual Studio 2010\Projects\x64injector\Debug\x64injector.lib" /MACHINE:X86 Debug\x64injector.exe.embed.manifest.res
         Debug\stdafx.obj
         Debug\x64injector.obj
     1>MSVCRTD.lib(crtexew.obj) : error LNK2019: unresolved external symbol _WinMain@16 referenced in function ___tmainCRTStartup
     1>C:\Users\jgeljgelkll\Documents\Visual Studio 2010\Projects\x64injector\Debug\x64injector.exe : fatal error LNK1120: 1 unresolved externals
     1>Done Building Project "C:\Users\jgeljgelkll\Documents\Visual Studio 2010\Projects\x64injector\x64injector\x64injector.vcxproj" (build target(s)) -- FAILED.

Build FAILED.

Time Elapsed 00:00:04.29
